<?xml version="1.0" encoding="UTF-8"?>
<!-- Generated by org.testng.reporters.JUnitReportReporter -->
<testsuite skipped="0" hostname="CyperMac.local" name="stepdefs.LoginStepDefs" tests="4" failures="0" timestamp="2023-03-18T17:22:25 EET" time="42.577" errors="0">
  <testcase name="runScenario" time="8.865" classname="stepdefs.LoginStepDefs"/>
  <system-out/>
  <testcase name="runScenario" time="9.957" classname="stepdefs.LoginStepDefs"/>
  <system-out/>
  <testcase name="runScenario" time="13.652" classname="stepdefs.LoginStepDefs"/>
  <system-out/>
  <testcase name="runScenario" time="10.103" classname="stepdefs.LoginStepDefs"/>
  <system-out/>
</testsuite> <!-- stepdefs.LoginStepDefs -->
