<?xml version="1.0" encoding="UTF-8"?>
<!-- Generated by org.testng.reporters.JUnitReportReporter -->
<testsuite skipped="0" hostname="CyperMac.local" name="runner.TestRunner" tests="15" failures="0" timestamp="2023-03-25T16:05:46 EET" time="228.276" errors="0">
  <testcase name="runScenario" time="9.169" classname="runner.TestRunner"/>
  <system-out/>
  <testcase name="runScenario" time="40.025" classname="runner.TestRunner"/>
  <system-out/>
  <testcase name="runScenario" time="10.445" classname="runner.TestRunner"/>
  <system-out/>
  <testcase name="runScenario" time="17.808" classname="runner.TestRunner"/>
  <system-out/>
  <testcase name="runScenario" time="10.719" classname="runner.TestRunner"/>
  <system-out/>
  <testcase name="runScenario" time="18.943" classname="runner.TestRunner"/>
  <system-out/>
  <testcase name="runScenario" time="18.871" classname="runner.TestRunner"/>
  <system-out/>
  <testcase name="runScenario" time="9.848" classname="runner.TestRunner"/>
  <system-out/>
  <testcase name="runScenario" time="7.255" classname="runner.TestRunner"/>
  <system-out/>
  <testcase name="runScenario" time="18.854" classname="runner.TestRunner"/>
  <system-out/>
  <testcase name="runScenario" time="10.460" classname="runner.TestRunner"/>
  <system-out/>
  <testcase name="runScenario" time="18.446" classname="runner.TestRunner"/>
  <system-out/>
  <testcase name="runScenario" time="9.396" classname="runner.TestRunner"/>
  <system-out/>
  <testcase name="runScenario" time="17.467" classname="runner.TestRunner"/>
  <system-out/>
  <testcase name="runScenario" time="10.570" classname="runner.TestRunner"/>
  <system-out/>
</testsuite> <!-- runner.TestRunner -->
