<?xml version="1.0" encoding="UTF-8"?>
<!-- Generated by org.testng.reporters.JUnitReportReporter -->
<testsuite skipped="0" hostname="CyperMac.local" name="runner.TestRunner" tests="16" failures="0" timestamp="2023-03-26T16:57:28 EEST" time="196.979" errors="0">
  <testcase name="runScenario" time="6.206" classname="runner.TestRunner"/>
  <system-out/>
  <testcase name="runScenario" time="13.152" classname="runner.TestRunner"/>
  <system-out/>
  <testcase name="runScenario" time="18.072" classname="runner.TestRunner"/>
  <system-out/>
  <testcase name="runScenario" time="21.419" classname="runner.TestRunner"/>
  <system-out/>
  <testcase name="runScenario" time="13.413" classname="runner.TestRunner"/>
  <system-out/>
  <testcase name="runScenario" time="6.928" classname="runner.TestRunner"/>
  <system-out/>
  <testcase name="runScenario" time="17.916" classname="runner.TestRunner"/>
  <system-out/>
  <testcase name="runScenario" time="14.659" classname="runner.TestRunner"/>
  <system-out/>
  <testcase name="runScenario" time="5.203" classname="runner.TestRunner"/>
  <system-out/>
  <testcase name="runScenario" time="6.723" classname="runner.TestRunner"/>
  <system-out/>
  <testcase name="runScenario" time="6.396" classname="runner.TestRunner"/>
  <system-out/>
  <testcase name="runScenario" time="6.739" classname="runner.TestRunner"/>
  <system-out/>
  <testcase name="runScenario" time="5.566" classname="runner.TestRunner"/>
  <system-out/>
  <testcase name="runScenario" time="3.017" classname="runner.TestRunner"/>
  <system-out/>
  <testcase name="runScenario" time="37.281" classname="runner.TestRunner"/>
  <system-out/>
  <testcase name="runScenario" time="14.289" classname="runner.TestRunner"/>
  <system-out/>
</testsuite> <!-- runner.TestRunner -->
