<?xml version="1.0" encoding="UTF-8"?>
<!-- Generated by org.testng.reporters.JUnitReportReporter -->
<testsuite skipped="0" hostname="CyperMac.local" name="stepdefs.AddProductStepDefs" tests="1" failures="0" timestamp="2023-03-25T15:48:10 EET" time="18.049" errors="0">
  <testcase name="runScenario" time="18.049" classname="stepdefs.AddProductStepDefs"/>
  <system-out/>
</testsuite> <!-- stepdefs.AddProductStepDefs -->
