<?xml version="1.0" encoding="UTF-8"?>
<!-- Generated by org.testng.reporters.JUnitReportReporter -->
<testsuite skipped="0" hostname="CyperMac.local" name="stepdefs.DbStepDefs" tests="1" failures="0" timestamp="2023-03-26T16:09:56 EEST" time="18.532" errors="0">
  <testcase name="runScenario" time="18.532" classname="stepdefs.DbStepDefs"/>
  <system-out/>
</testsuite> <!-- stepdefs.DbStepDefs -->
