<?xml version="1.0" encoding="UTF-8"?>
<!-- Generated by org.testng.reporters.JUnitReportReporter -->
<testsuite skipped="0" hostname="CyperMac.local" name="stepdefs.ApiStepDefs" tests="1" failures="0" timestamp="2023-03-25T14:37:55 EET" time="14.225" errors="0">
  <testcase name="runScenario" time="14.225" classname="stepdefs.ApiStepDefs"/>
  <system-out/>
</testsuite> <!-- stepdefs.ApiStepDefs -->
