<?xml version="1.0" encoding="UTF-8"?>
<!-- Generated by org.testng.reporters.JUnitReportReporter -->
<testsuite skipped="0" hostname="CyperMac.local" name="runner.TestRunner" tests="16" failures="0" timestamp="2023-03-26T16:15:47 EEST" time="175.968" errors="0">
  <testcase name="runScenario" time="5.730" classname="runner.TestRunner"/>
  <system-out/>
  <testcase name="runScenario" time="14.799" classname="runner.TestRunner"/>
  <system-out/>
  <testcase name="runScenario" time="16.271" classname="runner.TestRunner"/>
  <system-out/>
  <testcase name="runScenario" time="14.657" classname="runner.TestRunner"/>
  <system-out/>
  <testcase name="runScenario" time="12.321" classname="runner.TestRunner"/>
  <system-out/>
  <testcase name="runScenario" time="14.331" classname="runner.TestRunner"/>
  <system-out/>
  <testcase name="runScenario" time="5.406" classname="runner.TestRunner"/>
  <system-out/>
  <testcase name="runScenario" time="5.969" classname="runner.TestRunner"/>
  <system-out/>
  <testcase name="runScenario" time="4.836" classname="runner.TestRunner"/>
  <system-out/>
  <testcase name="runScenario" time="5.551" classname="runner.TestRunner"/>
  <system-out/>
  <testcase name="runScenario" time="6.133" classname="runner.TestRunner"/>
  <system-out/>
  <testcase name="runScenario" time="2.975" classname="runner.TestRunner"/>
  <system-out/>
  <testcase name="runScenario" time="13.107" classname="runner.TestRunner"/>
  <system-out/>
  <testcase name="runScenario" time="5.589" classname="runner.TestRunner"/>
  <system-out/>
  <testcase name="runScenario" time="13.245" classname="runner.TestRunner"/>
  <system-out/>
  <testcase name="runScenario" time="35.048" classname="runner.TestRunner"/>
  <system-out/>
</testsuite> <!-- runner.TestRunner -->
